[2020-05-02 14:59:14.8762] DEBUG - version - Current version: 2.1.9
 
[2020-05-02 14:59:14.8842] DEBUG - FastFotoService - Init Start
 
[2020-05-02 14:59:14.8948] DEBUG - config - Error reading from /Users/larsonm/.config/Epson/FastFoto/config.json. Message = Could not find file '/Users/larsonm/.config/Epson/FastFoto/config.json'..
 
[2020-05-02 14:59:14.8951] DEBUG - config - Creating default config
 
[2020-05-02 14:59:14.9129] DEBUG - notifications - Creating notifications provider
 
[2020-05-02 14:59:14.9153] DEBUG - config - Setting config value: key 'is_dropbox_configured', value 'False'.
 
[2020-05-02 14:59:15.1992] DEBUG - ui - Creating window of type WindowSettingsController
 
[2020-05-02 14:59:15.1992] DEBUG - config - Setting config value: key 'binded_push_button_program', value 'EpsonFastFoto'.
 
[2020-05-02 14:59:15.2068] DEBUG - ui - Creating window of type WindowScanController
 
[2020-05-02 14:59:15.2070] DEBUG - ui - Creating window of type WindowDialogCancelController
 
[2020-05-02 14:59:15.2088] DEBUG - ui - Creating view of type ViewEnhancmentController
 
[2020-05-02 14:59:15.2101] DEBUG - ui - Creating view of type ViewScaningController
 
[2020-05-02 14:59:15.2101] DEBUG - ui - Creating view of type ViewScanRepeatController
 
[2020-05-02 14:59:15.2101] DEBUG - ui - Creating view of type ViewSetupDetectScannerController
 
[2020-05-02 14:59:15.2101] DEBUG - ui - Creating window of type WindowSetupController
 
[2020-05-02 14:59:15.2101] DEBUG - ui - Creating view of type ViewSetupFolderChoiceController
 
[2020-05-02 14:59:15.2101] DEBUG - ui - Creating view of type ViewSetupEnhancementSettingsController
 
[2020-05-02 14:59:15.2101] DEBUG - ui - Creating view of type ViewSetupCongratulationsController
 
[2020-05-02 14:59:15.2112] DEBUG - ui - Creating window of type WindowMainController
 
[2020-05-02 14:59:15.2112] DEBUG - ui - Creating window of type WindowDropboxController
 
[2020-05-02 14:59:15.2112] DEBUG - ui - Creating view of type ViewDropboxCantDetectController
 
[2020-05-02 14:59:15.2112] DEBUG - ui - Creating view of type ViewDropboxIsSetupController
 
[2020-05-02 14:59:15.2112] DEBUG - ui - Creating view of type ViewDropboxWhatFotoCopyController
 
[2020-05-02 14:59:15.2120] DEBUG - ui - Creating view of type ViewDropboxCopyFotoController
 
[2020-05-02 14:59:15.2120] DEBUG - ui - Creating window of type WindowBrowserController
 
[2020-05-02 14:59:15.2120] DEBUG - ui - Creating view of type ViewGoogleDriveIsSetupController
 
[2020-05-02 14:59:15.2120] DEBUG - ui - Creating view of type ViewGoogleDriveUploadOldPhotosController
 
[2020-05-02 14:59:15.2120] DEBUG - ui - Creating view of type ViewGoogleDriveWhatPhotoCopyController
 
[2020-05-02 14:59:15.2120] DEBUG - ui - Creating window of type WindowGoogleDriveSetupController
 
[2020-05-02 14:59:15.2120] DEBUG - ui - Creating view of type ViewScanNameFileController
 
[2020-05-02 14:59:15.2120] DEBUG - ui - Creating window of type WindowDialogDisableCloudServiceController
 
[2020-05-02 14:59:15.2130] DEBUG - ui - Creating window of type WindowDownloadSoftwareUpdaterController
 
[2020-05-02 14:59:15.2130] DEBUG - ui - Creating window of type WindowDownloadFirmwareUpdaterController
 
[2020-05-02 14:59:15.2130] DEBUG - ui - Creating window of type WindowFacebookShareController
 
[2020-05-02 14:59:15.2130] DEBUG - ui - Creating view of type ViewFacebookProgressController
 
[2020-05-02 14:59:15.2130] DEBUG - ui - Creating view of type ViewFacebookDoneController
 
[2020-05-02 14:59:15.2130] DEBUG - ui - Creating view of type ViewFacebookShareController
 
[2020-05-02 14:59:15.2130] DEBUG - ui - Creating view of type ViewCloudServiceSyncDoneController
 
[2020-05-02 14:59:15.2142] DEBUG - ui - Creating window of type WindowAddDateTagController
 
[2020-05-02 14:59:15.2142] DEBUG - ui - Creating view of type ViewAddDateTagController
 
[2020-05-02 14:59:15.2142] DEBUG - ui - Creating window of type WindowDialogCancelRTLController
 
[2020-05-02 14:59:15.2142] DEBUG - ui - Creating window of type WindowDialogDisableCloudServiceRTLController
 
[2020-05-02 14:59:15.2178] DEBUG - config - Setting config value: key 'installation_time', value '05/02/2020 14:59:15'.
 
[2020-05-02 14:59:15.2312] DEBUG - notifications - Is DocumentCapture Installed? False. Time now: 5/2/2020 2:59:15 PM; date notification 'DocumentCapture' must be shown for the first time: 5/16/2020 2:59:15 PM. ShouldShow = False.
 
[2020-05-02 14:59:15.2339] DEBUG - FastFotoService - Init End
 
[2020-05-02 14:59:15.2722] DEBUG - config - Setting config value: key 'apply_enchancements_to_original', value 'False'.
 
[2020-05-02 14:59:15.2722] DEBUG - config - Sending eventOnConfigChanged
 
[2020-05-02 14:59:15.2722] DEBUG - config - Setting config value: key 'should_remove_red_eyes', value 'False'.
 
[2020-05-02 14:59:15.2722] DEBUG - config - Sending eventOnConfigChanged
 
[2020-05-02 14:59:15.2722] DEBUG - config - Setting config value: key 'should_scan_photo_back', value 'True'.
 
[2020-05-02 14:59:15.2722] DEBUG - config - Sending eventOnConfigChanged
 
[2020-05-02 14:59:15.2722] DEBUG - config - Setting config value: key 'should_restore_faded_color', value 'False'.
 
[2020-05-02 14:59:15.2730] DEBUG - config - Sending eventOnConfigChanged
 
[2020-05-02 14:59:15.2730] DEBUG - config - Setting config value: key 'auto_enchance', value 'False'.
 
[2020-05-02 14:59:15.2730] DEBUG - config - Sending eventOnConfigChanged
 
[2020-05-02 14:59:15.2900] DEBUG - config - Setting config value: key 'time_google_drive_access_token_expires', value 'none'.
 
[2020-05-02 14:59:15.2900] DEBUG - config - Setting config value: key 'google_drive_access_token', value ''.
 
[2020-05-02 14:59:15.4553] DEBUG - config - Setting config value: key 'google_drive_refresh_token', value ''.
 
[2020-05-02 14:59:15.4553] DEBUG - config - Setting config value: key 'google_drive_access_token', value ''.
 
[2020-05-02 14:59:15.4570] DEBUG - config - Setting config value: key 'time_google_drive_access_token_expires', value 'none'.
 
[2020-05-02 14:59:15.4570] DEBUG - config - Setting config value: key 'is_google_drive_configured', value 'False'.
 
[2020-05-02 14:59:15.4570] DEBUG - config - Sending eventOnConfigChanged
 
[2020-05-02 14:59:15.4585] DEBUG - config - Setting config value: key 'apply_enchancements_to_original', value 'False'.
 
[2020-05-02 14:59:15.4585] DEBUG - config - Sending eventOnConfigChanged
 
[2020-05-02 14:59:15.4585] DEBUG - config - Setting config value: key 'should_remove_red_eyes', value 'False'.
 
[2020-05-02 14:59:15.4585] DEBUG - config - Sending eventOnConfigChanged
 
[2020-05-02 14:59:15.4585] DEBUG - config - Setting config value: key 'should_scan_photo_back', value 'True'.
 
[2020-05-02 14:59:15.4585] DEBUG - config - Sending eventOnConfigChanged
 
[2020-05-02 14:59:15.4585] DEBUG - config - Setting config value: key 'should_restore_faded_color', value 'False'.
 
[2020-05-02 14:59:15.4585] DEBUG - config - Sending eventOnConfigChanged
 
[2020-05-02 14:59:15.4585] DEBUG - config - Setting config value: key 'auto_enchance', value 'False'.
 
[2020-05-02 14:59:15.4585] DEBUG - config - Sending eventOnConfigChanged
 
[2020-05-02 14:59:15.4597] DEBUG - config - Setting config value: key 'should_import_automatically_dropbox', value 'True'.
 
[2020-05-02 14:59:15.4641] DEBUG - dropbox_manager - Start sync with dropbox
 
[2020-05-02 14:59:15.4660] DEBUG - config - Setting config value: key 'should_save_photos_to_apple_photos', value 'False'.
 
[2020-05-02 14:59:25.2175] DEBUG - config - Setting config value: key 'scanned_photos_count', value '0'.
 
[2020-05-02 14:59:52.3135] DEBUG - config - Setting config value: key 'should_dropbox_synchronize_enchancement', value 'True'.
 
[2020-05-02 14:59:52.3140] DEBUG - config - Setting config value: key 'should_dropbox_synchronize_original', value 'False'.
 
[2020-05-02 14:59:52.3140] DEBUG - config - Setting config value: key 'should_dropbox_synchronize_backsides', value 'False'.
 
[2020-05-02 14:59:52.3168] DEBUG - config - Setting config value: key 'should_google_drive_synchronize_enchancement', value 'True'.
 
[2020-05-02 14:59:52.3171] DEBUG - config - Setting config value: key 'should_google_drive_synchronize_original', value 'False'.
 
[2020-05-02 14:59:52.3171] DEBUG - config - Setting config value: key 'should_google_drive_synchronize_backsides', value 'False'.
 
[2020-05-02 14:59:52.3171] DEBUG - config - Setting config value: key 'should_import_automatically_google_drive', value 'True'.
 
[2020-05-02 14:59:53.1777] DEBUG - config - Setting config value: key 'should_import_automatically_dropbox', value 'True'.
 
[2020-05-02 14:59:53.1777] DEBUG - config - Sending eventOnConfigChanged
 
[2020-05-02 14:59:53.1777] DEBUG - config - Setting config value: key 'should_dropbox_synchronize_enchancement', value 'True'.
 
[2020-05-02 14:59:53.1777] DEBUG - config - Sending eventOnConfigChanged
 
[2020-05-02 14:59:53.1780] DEBUG - config - Setting config value: key 'should_dropbox_synchronize_backsides', value 'False'.
 
[2020-05-02 14:59:53.1780] DEBUG - config - Sending eventOnConfigChanged
 
[2020-05-02 14:59:53.1780] DEBUG - config - Setting config value: key 'should_dropbox_synchronize_original', value 'False'.
 
[2020-05-02 14:59:53.1780] DEBUG - config - Sending eventOnConfigChanged
 
[2020-05-02 14:59:53.1797] DEBUG - config - Setting config value: key 'should_import_automatically_google_drive', value 'True'.
 
[2020-05-02 14:59:53.1797] DEBUG - config - Sending eventOnConfigChanged
 
[2020-05-02 14:59:53.1797] DEBUG - config - Setting config value: key 'should_google_drive_synchronize_enchancement', value 'True'.
 
[2020-05-02 14:59:53.1797] DEBUG - config - Sending eventOnConfigChanged
 
[2020-05-02 14:59:53.1800] DEBUG - config - Setting config value: key 'should_google_drive_synchronize_backsides', value 'False'.
 
[2020-05-02 14:59:53.1800] DEBUG - config - Sending eventOnConfigChanged
 
[2020-05-02 14:59:53.1800] DEBUG - config - Setting config value: key 'should_google_drive_synchronize_original', value 'False'.
 
[2020-05-02 14:59:53.1800] DEBUG - config - Sending eventOnConfigChanged
 
